#
# There is insufficient memory for the Java Runtime Environment to continue.
# Native memory allocation (malloc) failed to allocate 84934656 bytes for committing reserved memory.
# Possible reasons:
#   The system is out of physical RAM or swap space
#   In 32 bit mode, the process size limit was hit
# Possible solutions:
#   Reduce memory load on the system
#   Increase physical memory or swap space
#   Check if swap backing store is full
#   Use 64 bit Java on a 64 bit OS
#   Decrease Java heap size (-Xmx/-Xms)
#   Decrease number of Java threads
#   Decrease Java thread stack sizes (-Xss)
#   Set larger code cache with -XX:ReservedCodeCacheSize=
# This output file may be truncated or incomplete.
#
#  Out of Memory Error (os_linux.cpp:2798), pid=23661, tid=140439692433152
#
# JRE version:  (7.0_65-b32) (build )
# Java VM: OpenJDK 64-Bit Server VM (24.65-b04 mixed mode linux-amd64 compressed oops)
# Derivative: IcedTea 2.5.3
# Distribution: Ubuntu 14.04 LTS, package 7u71-2.5.3-0ubuntu0.14.04.1
# Failed to write core dump. Core dumps have been disabled. To enable core dumping, try "ulimit -c unlimited" before starting Java again
#

---------------  T H R E A D  ---------------

Current thread (0x00007fbaa000a000):  JavaThread "Unknown thread" [_thread_in_vm, id=23663, stack(0x00007fbaa9ead000,0x00007fbaa9fae000)]

Stack: [0x00007fbaa9ead000,0x00007fbaa9fae000],  sp=0x00007fbaa9fac500,  free space=1021k
Native frames: (J=compiled Java code, j=interpreted, Vv=VM code, C=native code)
V  [libjvm.so+0x948b05]  VMError::report_and_die()+0x175
V  [libjvm.so+0x48bc34]  report_vm_out_of_memory(char const*, int, unsigned long, char const*)+0x74
V  [libjvm.so+0x7c7bfb]  os::pd_commit_memory(char*, unsigned long, unsigned long, bool)+0xeb
V  [libjvm.so+0x7c26bf]  os::commit_memory(char*, unsigned long, unsigned long, bool)+0x1f
V  [libjvm.so+0x833e4b]  PSVirtualSpace::expand_by(unsigned long)+0x5b
V  [libjvm.so+0x8242be]  PSOldGen::initialize(ReservedSpace, unsigned long, char const*, int)+0xce
V  [libjvm.so+0x2a5b0f]  AdjoiningGenerations::AdjoiningGenerations(ReservedSpace, unsigned long, unsigned long, unsigned long, unsigned long, unsigned long, unsigned long, unsigned long)+0x3af
V  [libjvm.so+0x7e7690]  ParallelScavengeHeap::initialize()+0x5b0
V  [libjvm.so+0x91a6f7]  Universe::initialize_heap()+0xc7
V  [libjvm.so+0x91aa27]  universe_init()+0x67
V  [libjvm.so+0x59d255]  init_globals()+0x55
V  [libjvm.so+0x8fd3bf]  Threads::create_vm(JavaVMInitArgs*, bool*)+0x35f
V  [libjvm.so+0x6085d4]  JNI_CreateJavaVM+0x54
C  [libjli.so+0x2b48]


---------------  P R O C E S S  ---------------

Java Threads: ( => current thread )

Other Threads:

=>0x00007fbaa000a000 (exited) JavaThread "Unknown thread" [_thread_in_vm, id=23663, stack(0x00007fbaa9ead000,0x00007fbaa9fae000)]

VM state:not at safepoint (not fully initialized)

VM Mutex/Monitor currently owned by a thread: None

GC Heap History (0 events):
No events

Deoptimization events (0 events):
No events

Internal exceptions (0 events):
No events

Events (0 events):
No events


Dynamic libraries:
00400000-00401000 r-xp 00000000 08:05 2378036                            /usr/lib/jvm/java-7-openjdk-amd64/jre/bin/java
00600000-00601000 r--p 00000000 08:05 2378036                            /usr/lib/jvm/java-7-openjdk-amd64/jre/bin/java
00601000-00602000 rw-p 00001000 08:05 2378036                            /usr/lib/jvm/java-7-openjdk-amd64/jre/bin/java
02492000-024b3000 rw-p 00000000 00:00 0                                  [heap]
77c000000-786600000 rw-p 00000000 00:00 0 
78b700000-7d7700000 rw-p 00000000 00:00 0 
7d7700000-7d9f80000 rw-p 00000000 00:00 0 
7d9f80000-800000000 rw-p 00000000 00:00 0 
7fba9d000000-7fba9d270000 rwxp 00000000 00:00 0 
7fba9d270000-7fbaa0023000 rw-p 00000000 00:00 0 
7fbaa0023000-7fbaa4000000 ---p 00000000 00:00 0 
7fbaa6494000-7fbaa66ce000 rw-p 00000000 00:00 0 
7fbaa66ce000-7fbaa69a9000 rw-p 00000000 00:00 0 
7fbaa69a9000-7fbaa69be000 rw-p 00000000 00:00 0 
7fbaa69be000-7fbaa6aee000 rw-p 00000000 00:00 0 
7fbaa6aee000-7fbaa6aef000 rw-p 00000000 00:00 0 
7fbaa6aef000-7fbaa6af7000 r-xp 00000000 08:05 2377934                    /usr/lib/jvm/java-7-openjdk-amd64/jre/lib/amd64/libzip.so
7fbaa6af7000-7fbaa6cf6000 ---p 00008000 08:05 2377934                    /usr/lib/jvm/java-7-openjdk-amd64/jre/lib/amd64/libzip.so
7fbaa6cf6000-7fbaa6cf7000 r--p 00007000 08:05 2377934                    /usr/lib/jvm/java-7-openjdk-amd64/jre/lib/amd64/libzip.so
7fbaa6cf7000-7fbaa6cf8000 rw-p 00008000 08:05 2377934                    /usr/lib/jvm/java-7-openjdk-amd64/jre/lib/amd64/libzip.so
7fbaa6cf8000-7fbaa6d03000 r-xp 00000000 08:05 1585560                    /lib/x86_64-linux-gnu/libnss_files-2.19.so
7fbaa6d03000-7fbaa6f02000 ---p 0000b000 08:05 1585560                    /lib/x86_64-linux-gnu/libnss_files-2.19.so
7fbaa6f02000-7fbaa6f03000 r--p 0000a000 08:05 1585560                    /lib/x86_64-linux-gnu/libnss_files-2.19.so
7fbaa6f03000-7fbaa6f04000 rw-p 0000b000 08:05 1585560                    /lib/x86_64-linux-gnu/libnss_files-2.19.so
7fbaa6f04000-7fbaa6f0f000 r-xp 00000000 08:05 1585557                    /lib/x86_64-linux-gnu/libnss_nis-2.19.so
7fbaa6f0f000-7fbaa710e000 ---p 0000b000 08:05 1585557                    /lib/x86_64-linux-gnu/libnss_nis-2.19.so
7fbaa710e000-7fbaa710f000 r--p 0000a000 08:05 1585557                    /lib/x86_64-linux-gnu/libnss_nis-2.19.so
7fbaa710f000-7fbaa7110000 rw-p 0000b000 08:05 1585557                    /lib/x86_64-linux-gnu/libnss_nis-2.19.so
7fbaa7110000-7fbaa7127000 r-xp 00000000 08:05 1585551                    /lib/x86_64-linux-gnu/libnsl-2.19.so
7fbaa7127000-7fbaa7326000 ---p 00017000 08:05 1585551                    /lib/x86_64-linux-gnu/libnsl-2.19.so
7fbaa7326000-7fbaa7327000 r--p 00016000 08:05 1585551                    /lib/x86_64-linux-gnu/libnsl-2.19.so
7fbaa7327000-7fbaa7328000 rw-p 00017000 08:05 1585551                    /lib/x86_64-linux-gnu/libnsl-2.19.so
7fbaa7328000-7fbaa732a000 rw-p 00000000 00:00 0 
7fbaa732a000-7fbaa7333000 r-xp 00000000 08:05 1585548                    /lib/x86_64-linux-gnu/libnss_compat-2.19.so
7fbaa7333000-7fbaa7532000 ---p 00009000 08:05 1585548                    /lib/x86_64-linux-gnu/libnss_compat-2.19.so
7fbaa7532000-7fbaa7533000 r--p 00008000 08:05 1585548                    /lib/x86_64-linux-gnu/libnss_compat-2.19.so
7fbaa7533000-7fbaa7534000 rw-p 00009000 08:05 1585548                    /lib/x86_64-linux-gnu/libnss_compat-2.19.so
7fbaa7534000-7fbaa755f000 r-xp 00000000 08:05 2377941                    /usr/lib/jvm/java-7-openjdk-amd64/jre/lib/amd64/libjava.so
7fbaa755f000-7fbaa775e000 ---p 0002b000 08:05 2377941                    /usr/lib/jvm/java-7-openjdk-amd64/jre/lib/amd64/libjava.so
7fbaa775e000-7fbaa775f000 r--p 0002a000 08:05 2377941                    /usr/lib/jvm/java-7-openjdk-amd64/jre/lib/amd64/libjava.so
7fbaa775f000-7fbaa7761000 rw-p 0002b000 08:05 2377941                    /usr/lib/jvm/java-7-openjdk-amd64/jre/lib/amd64/libjava.so
7fbaa7761000-7fbaa7771000 r-xp 00000000 08:05 2377956                    /usr/lib/jvm/java-7-openjdk-amd64/jre/lib/amd64/libverify.so
7fbaa7771000-7fbaa7970000 ---p 00010000 08:05 2377956                    /usr/lib/jvm/java-7-openjdk-amd64/jre/lib/amd64/libverify.so
7fbaa7970000-7fbaa7972000 r--p 0000f000 08:05 2377956                    /usr/lib/jvm/java-7-openjdk-amd64/jre/lib/amd64/libverify.so
7fbaa7972000-7fbaa7973000 rw-p 00011000 08:05 2377956                    /usr/lib/jvm/java-7-openjdk-amd64/jre/lib/amd64/libverify.so
7fbaa7973000-7fbaa797a000 r-xp 00000000 08:05 1585543                    /lib/x86_64-linux-gnu/librt-2.19.so
7fbaa797a000-7fbaa7b79000 ---p 00007000 08:05 1585543                    /lib/x86_64-linux-gnu/librt-2.19.so
7fbaa7b79000-7fbaa7b7a000 r--p 00006000 08:05 1585543                    /lib/x86_64-linux-gnu/librt-2.19.so
7fbaa7b7a000-7fbaa7b7b000 rw-p 00007000 08:05 1585543                    /lib/x86_64-linux-gnu/librt-2.19.so
7fbaa7b7b000-7fbaa7b91000 r-xp 00000000 08:05 1569807                    /lib/x86_64-linux-gnu/libgcc_s.so.1
7fbaa7b91000-7fbaa7d90000 ---p 00016000 08:05 1569807                    /lib/x86_64-linux-gnu/libgcc_s.so.1
7fbaa7d90000-7fbaa7d91000 rw-p 00015000 08:05 1569807                    /lib/x86_64-linux-gnu/libgcc_s.so.1
7fbaa7d91000-7fbaa7e96000 r-xp 00000000 08:05 1585550                    /lib/x86_64-linux-gnu/libm-2.19.so
7fbaa7e96000-7fbaa8095000 ---p 00105000 08:05 1585550                    /lib/x86_64-linux-gnu/libm-2.19.so
7fbaa8095000-7fbaa8096000 r--p 00104000 08:05 1585550                    /lib/x86_64-linux-gnu/libm-2.19.so
7fbaa8096000-7fbaa8097000 rw-p 00105000 08:05 1585550                    /lib/x86_64-linux-gnu/libm-2.19.so
7fbaa8097000-7fbaa817d000 r-xp 00000000 08:05 2365123                    /usr/lib/x86_64-linux-gnu/libstdc++.so.6.0.19
7fbaa817d000-7fbaa837c000 ---p 000e6000 08:05 2365123                    /usr/lib/x86_64-linux-gnu/libstdc++.so.6.0.19
7fbaa837c000-7fbaa8384000 r--p 000e5000 08:05 2365123                    /usr/lib/x86_64-linux-gnu/libstdc++.so.6.0.19
7fbaa8384000-7fbaa8386000 rw-p 000ed000 08:05 2365123                    /usr/lib/x86_64-linux-gnu/libstdc++.so.6.0.19
7fbaa8386000-7fbaa839b000 rw-p 00000000 00:00 0 
7fbaa839b000-7fbaa8eb1000 r-xp 00000000 08:05 2377963                    /usr/lib/jvm/java-7-openjdk-amd64/jre/lib/amd64/server/libjvm.so
7fbaa8eb1000-7fbaa90b0000 ---p 00b16000 08:05 2377963                    /usr/lib/jvm/java-7-openjdk-amd64/jre/lib/amd64/server/libjvm.so
7fbaa90b0000-7fbaa914a000 r--p 00b15000 08:05 2377963                    /usr/lib/jvm/java-7-openjdk-amd64/jre/lib/amd64/server/libjvm.so
7fbaa914a000-7fbaa916d000 rw-p 00baf000 08:05 2377963                    /usr/lib/jvm/java-7-openjdk-amd64/jre/lib/amd64/server/libjvm.so
7fbaa916d000-7fbaa919b000 rw-p 00000000 00:00 0 
7fbaa919b000-7fbaa91b3000 r-xp 00000000 08:05 1574104                    /lib/x86_64-linux-gnu/libz.so.1.2.8
7fbaa91b3000-7fbaa93b2000 ---p 00018000 08:05 1574104                    /lib/x86_64-linux-gnu/libz.so.1.2.8
7fbaa93b2000-7fbaa93b3000 r--p 00017000 08:05 1574104                    /lib/x86_64-linux-gnu/libz.so.1.2.8
7fbaa93b3000-7fbaa93b4000 rw-p 00018000 08:05 1574104                    /lib/x86_64-linux-gnu/libz.so.1.2.8
7fbaa93b4000-7fbaa93cd000 r-xp 00000000 08:05 1585559                    /lib/x86_64-linux-gnu/libpthread-2.19.so
7fbaa93cd000-7fbaa95cc000 ---p 00019000 08:05 1585559                    /lib/x86_64-linux-gnu/libpthread-2.19.so
7fbaa95cc000-7fbaa95cd000 r--p 00018000 08:05 1585559                    /lib/x86_64-linux-gnu/libpthread-2.19.so
7fbaa95cd000-7fbaa95ce000 rw-p 00019000 08:05 1585559                    /lib/x86_64-linux-gnu/libpthread-2.19.so
7fbaa95ce000-7fbaa95d2000 rw-p 00000000 00:00 0 
7fbaa95d2000-7fbaa95d5000 r-xp 00000000 08:05 1585546                    /lib/x86_64-linux-gnu/libdl-2.19.so
7fbaa95d5000-7fbaa97d4000 ---p 00003000 08:05 1585546                    /lib/x86_64-linux-gnu/libdl-2.19.so
7fbaa97d4000-7fbaa97d5000 r--p 00002000 08:05 1585546                    /lib/x86_64-linux-gnu/libdl-2.19.so
7fbaa97d5000-7fbaa97d6000 rw-p 00003000 08:05 1585546                    /lib/x86_64-linux-gnu/libdl-2.19.so
7fbaa97d6000-7fbaa9991000 r-xp 00000000 08:05 1585542                    /lib/x86_64-linux-gnu/libc-2.19.so
7fbaa9991000-7fbaa9b91000 ---p 001bb000 08:05 1585542                    /lib/x86_64-linux-gnu/libc-2.19.so
7fbaa9b91000-7fbaa9b95000 r--p 001bb000 08:05 1585542                    /lib/x86_64-linux-gnu/libc-2.19.so
7fbaa9b95000-7fbaa9b97000 rw-p 001bf000 08:05 1585542                    /lib/x86_64-linux-gnu/libc-2.19.so
7fbaa9b97000-7fbaa9b9c000 rw-p 00000000 00:00 0 
7fbaa9b9c000-7fbaa9ba9000 r-xp 00000000 08:05 2377939                    /usr/lib/jvm/java-7-openjdk-amd64/jre/lib/amd64/jli/libjli.so
7fbaa9ba9000-7fbaa9da8000 ---p 0000d000 08:05 2377939                    /usr/lib/jvm/java-7-openjdk-amd64/jre/lib/amd64/jli/libjli.so
7fbaa9da8000-7fbaa9da9000 r--p 0000c000 08:05 2377939                    /usr/lib/jvm/java-7-openjdk-amd64/jre/lib/amd64/jli/libjli.so
7fbaa9da9000-7fbaa9daa000 rw-p 0000d000 08:05 2377939                    /usr/lib/jvm/java-7-openjdk-amd64/jre/lib/amd64/jli/libjli.so
7fbaa9daa000-7fbaa9dcd000 r-xp 00000000 08:05 1585540                    /lib/x86_64-linux-gnu/ld-2.19.so
7fbaa9ded000-7fbaa9df7000 rw-p 00000000 00:00 0 
7fbaa9df7000-7fbaa9ead000 rw-p 00000000 00:00 0 
7fbaa9ead000-7fbaa9eb0000 ---p 00000000 00:00 0 
7fbaa9eb0000-7fbaa9fb3000 rw-p 00000000 00:00 0                          [stack:23663]
7fbaa9fbe000-7fbaa9fc0000 rw-p 00000000 00:00 0 
7fbaa9fc0000-7fbaa9fc8000 rw-s 00000000 08:05 3140765                    /tmp/hsperfdata_grubb2k7/23661
7fbaa9fc8000-7fbaa9fc9000 rw-p 00000000 00:00 0 
7fbaa9fc9000-7fbaa9fca000 r--p 00000000 00:00 0 
7fbaa9fca000-7fbaa9fcc000 rw-p 00000000 00:00 0 
7fbaa9fcc000-7fbaa9fcd000 r--p 00022000 08:05 1585540                    /lib/x86_64-linux-gnu/ld-2.19.so
7fbaa9fcd000-7fbaa9fce000 rw-p 00023000 08:05 1585540                    /lib/x86_64-linux-gnu/ld-2.19.so
7fbaa9fce000-7fbaa9fcf000 rw-p 00000000 00:00 0 
7fff703cd000-7fff703ee000 rw-p 00000000 00:00 0                          [stack]
7fff703fe000-7fff70400000 r-xp 00000000 00:00 0                          [vdso]
ffffffffff600000-ffffffffff601000 r-xp 00000000 00:00 0                  [vsyscall]

VM Arguments:
jvm_args: -Dfile.encoding=UTF-8 
java_command: myDriver
Launcher Type: SUN_STANDARD

Environment Variables:
PATH=/usr/local/sbin:/usr/local/bin:/usr/sbin:/usr/bin:/sbin:/bin:/usr/games:/usr/local/games
SHELL=/bin/bash
DISPLAY=:0

Signal Handlers:
SIGSEGV: [libjvm.so+0x9495e0], sa_mask[0]=0x7ffbfeff, sa_flags=0x10000004
SIGBUS: [libjvm.so+0x9495e0], sa_mask[0]=0x7ffbfeff, sa_flags=0x10000004
SIGFPE: [libjvm.so+0x7c3410], sa_mask[0]=0x7ffbfeff, sa_flags=0x10000004
SIGPIPE: [libjvm.so+0x7c3410], sa_mask[0]=0x7ffbfeff, sa_flags=0x10000004
SIGXFSZ: [libjvm.so+0x7c3410], sa_mask[0]=0x7ffbfeff, sa_flags=0x10000004
SIGILL: [libjvm.so+0x7c3410], sa_mask[0]=0x7ffbfeff, sa_flags=0x10000004
SIGUSR1: SIG_DFL, sa_mask[0]=0x00000000, sa_flags=0x00000000
SIGUSR2: [libjvm.so+0x7c32b0], sa_mask[0]=0x00000004, sa_flags=0x10000004
SIGHUP: SIG_DFL, sa_mask[0]=0x00000000, sa_flags=0x00000000
SIGINT: SIG_DFL, sa_mask[0]=0x00000000, sa_flags=0x00000000
SIGTERM: SIG_DFL, sa_mask[0]=0x00000000, sa_flags=0x00000000
SIGQUIT: SIG_DFL, sa_mask[0]=0x00000000, sa_flags=0x00000000
SIGTRAP: SIG_DFL, sa_mask[0]=0x00000000, sa_flags=0x00000000


---------------  S Y S T E M  ---------------

OS:Ubuntu 14.04 (trusty)
uname:Linux 3.13.0-44-generic #73-Ubuntu SMP Tue Dec 16 00:22:43 UTC 2014 x86_64
libc:glibc 2.19 NPTL 2.19 
rlimit: STACK 8192k, CORE 0k, NPROC 62079, NOFILE 4096, AS infinity
load average:8.84 5.27 2.33

/proc/meminfo:
MemTotal:        7967724 kB
MemFree:          125964 kB
Buffers:             280 kB
Cached:           489224 kB
SwapCached:            0 kB
Active:          7178812 kB
Inactive:         448136 kB
Active(anon):    7150280 kB
Inactive(anon):   417592 kB
Active(file):      28532 kB
Inactive(file):    30544 kB
Unevictable:         144 kB
Mlocked:             144 kB
SwapTotal:             0 kB
SwapFree:              0 kB
Dirty:                80 kB
Writeback:             0 kB
AnonPages:       7138164 kB
Mapped:           128748 kB
Shmem:            429908 kB
Slab:              71316 kB
SReclaimable:      32960 kB
SUnreclaim:        38356 kB
KernelStack:        5928 kB
PageTables:        60044 kB
NFS_Unstable:          0 kB
Bounce:                0 kB
WritebackTmp:          0 kB
CommitLimit:     3983860 kB
Committed_AS:   14214276 kB
VmallocTotal:   34359738367 kB
VmallocUsed:      555952 kB
VmallocChunk:   34359170828 kB
HardwareCorrupted:     0 kB
AnonHugePages:   3129344 kB
HugePages_Total:       0
HugePages_Free:        0
HugePages_Rsvd:        0
HugePages_Surp:        0
Hugepagesize:       2048 kB
DirectMap4k:       83784 kB
DirectMap2M:     8095744 kB


CPU:total 4 (2 cores per cpu, 2 threads per core) family 6 model 37 stepping 2, cmov, cx8, fxsr, mmx, sse, sse2, sse3, ssse3, sse4.1, sse4.2, popcnt, aes, ht, tsc, tscinvbit

/proc/cpuinfo:
processor	: 0
vendor_id	: GenuineIntel
cpu family	: 6
model		: 37
model name	: Intel(R) Core(TM) i7 CPU       M 620  @ 2.67GHz
stepping	: 2
microcode	: 0x9
cpu MHz		: 2266.000
cache size	: 4096 KB
physical id	: 0
siblings	: 4
core id		: 0
cpu cores	: 2
apicid		: 0
initial apicid	: 0
fpu		: yes
fpu_exception	: yes
cpuid level	: 11
wp		: yes
flags		: fpu vme de pse tsc msr pae mce cx8 apic sep mtrr pge mca cmov pat pse36 clflush dts acpi mmx fxsr sse sse2 ss ht tm pbe syscall nx rdtscp lm constant_tsc arch_perfmon pebs bts rep_good nopl xtopology nonstop_tsc aperfmperf pni pclmulqdq dtes64 monitor ds_cpl vmx smx est tm2 ssse3 cx16 xtpr pdcm sse4_1 sse4_2 popcnt aes lahf_lm ida arat dtherm tpr_shadow vnmi flexpriority ept vpid
bogomips	: 5320.34
clflush size	: 64
cache_alignment	: 64
address sizes	: 36 bits physical, 48 bits virtual
power management:

processor	: 1
vendor_id	: GenuineIntel
cpu family	: 6
model		: 37
model name	: Intel(R) Core(TM) i7 CPU       M 620  @ 2.67GHz
stepping	: 2
microcode	: 0x9
cpu MHz		: 2266.000
cache size	: 4096 KB
physical id	: 0
siblings	: 4
core id		: 2
cpu cores	: 2
apicid		: 4
initial apicid	: 4
fpu		: yes
fpu_exception	: yes
cpuid level	: 11
wp		: yes
flags		: fpu vme de pse tsc msr pae mce cx8 apic sep mtrr pge mca cmov pat pse36 clflush dts acpi mmx fxsr sse sse2 ss ht tm pbe syscall nx rdtscp lm constant_tsc arch_perfmon pebs bts rep_good nopl xtopology nonstop_tsc aperfmperf pni pclmulqdq dtes64 monitor ds_cpl vmx smx est tm2 ssse3 cx16 xtpr pdcm sse4_1 sse4_2 popcnt aes lahf_lm ida arat dtherm tpr_shadow vnmi flexpriority ept vpid
bogomips	: 5320.34
clflush size	: 64
cache_alignment	: 64
address sizes	: 36 bits physical, 48 bits virtual
power management:

processor	: 2
vendor_id	: GenuineIntel
cpu family	: 6
model		: 37
model name	: Intel(R) Core(TM) i7 CPU       M 620  @ 2.67GHz
stepping	: 2
microcode	: 0x9
cpu MHz		: 2266.000
cache size	: 4096 KB
physical id	: 0
siblings	: 4
core id		: 0
cpu cores	: 2
apicid		: 1
initial apicid	: 1
fpu		: yes
fpu_exception	: yes
cpuid level	: 11
wp		: yes
flags		: fpu vme de pse tsc msr pae mce cx8 apic sep mtrr pge mca cmov pat pse36 clflush dts acpi mmx fxsr sse sse2 ss ht tm pbe syscall nx rdtscp lm constant_tsc arch_perfmon pebs bts rep_good nopl xtopology nonstop_tsc aperfmperf pni pclmulqdq dtes64 monitor ds_cpl vmx smx est tm2 ssse3 cx16 xtpr pdcm sse4_1 sse4_2 popcnt aes lahf_lm ida arat dtherm tpr_shadow vnmi flexpriority ept vpid
bogomips	: 5320.34
clflush size	: 64
cache_alignment	: 64
address sizes	: 36 bits physical, 48 bits virtual
power management:

processor	: 3
vendor_id	: GenuineIntel
cpu family	: 6
model		: 37
model name	: Intel(R) Core(TM) i7 CPU       M 620  @ 2.67GHz
stepping	: 2
microcode	: 0x9
cpu MHz		: 2266.000
cache size	: 4096 KB
physical id	: 0
siblings	: 4
core id		: 2
cpu cores	: 2
apicid		: 5
initial apicid	: 5
fpu		: yes
fpu_exception	: yes
cpuid level	: 11
wp		: yes
flags		: fpu vme de pse tsc msr pae mce cx8 apic sep mtrr pge mca cmov pat pse36 clflush dts acpi mmx fxsr sse sse2 ss ht tm pbe syscall nx rdtscp lm constant_tsc arch_perfmon pebs bts rep_good nopl xtopology nonstop_tsc aperfmperf pni pclmulqdq dtes64 monitor ds_cpl vmx smx est tm2 ssse3 cx16 xtpr pdcm sse4_1 sse4_2 popcnt aes lahf_lm ida arat dtherm tpr_shadow vnmi flexpriority ept vpid
bogomips	: 5320.34
clflush size	: 64
cache_alignment	: 64
address sizes	: 36 bits physical, 48 bits virtual
power management:



Memory: 4k page, physical 7967724k(126284k free), swap 0k(0k free)

vm_info: OpenJDK 64-Bit Server VM (24.65-b04) for linux-amd64 JRE (1.7.0_65-b32), built on Oct 22 2014 04:37:44 by "buildd" with gcc 4.8.2

time: Thu Mar 12 12:48:08 2015
elapsed time: 0 seconds

